 * Serving Flask app "Dobby_Assistant" (lazy loading)
 * Environment: production
   WARNING: Do not use the development server in a production environment.
   Use a production WSGI server instead.
 * Debug mode: on
 * Running on http://127.0.0.1:5000/ (Press CTRL+C to quit)
 * Restarting with stat
 * Debugger is active!
 * Debugger PIN: 215-886-129
2019-10-15 11:28:19:flask_assistant:DEBUG: {
  "originalDetectIntentRequest": {
    "payload": {
      "availableSurfaces": [
        {
          "capabilities": [
            {
              "name": "actions.capability.SCREEN_OUTPUT"
            }, 
            {
              "name": "actions.capability.WEB_BROWSER"
            }, 
            {
              "name": "actions.capability.AUDIO_OUTPUT"
            }
          ]
        }
      ], 
      "conversation": {
        "conversationId": "ABwppHEqHnYbML4BfGrA6GssA0R4c_30orna6TyMha-d1RM0_Q11lfXfooIjM53XO3Hh-hsgMONXIUk", 
        "conversationToken": "[]", 
        "type": "ACTIVE"
      }, 
      "inputs": [
        {
          "arguments": [
            {
              "name": "text", 
              "rawText": "Solar watch", 
              "textValue": "Solar watch"
            }
          ], 
          "intent": "actions.intent.TEXT", 
          "rawInputs": [
            {
              "inputType": "VOICE", 
              "query": "Solar watch"
            }
          ]
        }
      ], 
      "isInSandbox": true, 
      "surface": {
        "capabilities": [
          {
            "name": "actions.capability.MEDIA_RESPONSE_AUDIO"
          }, 
          {
            "name": "actions.capability.ACCOUNT_LINKING"
          }, 
          {
            "name": "actions.capability.AUDIO_OUTPUT"
          }
        ]
      }, 
      "user": {
        "lastSeen": "2019-10-15T09:52:41Z", 
        "locale": "en-GB", 
        "userVerificationStatus": "VERIFIED"
      }
    }, 
    "source": "google", 
    "version": "2"
  }, 
  "queryResult": {
    "allRequiredParamsPresent": true, 
    "fulfillmentMessages": [
      {
        "text": {
          "text": [
            ""
          ]
        }
      }
    ], 
    "intent": {
      "displayName": "Solar Watts", 
      "name": "projects/dobby-49c2a/agent/intents/96c42ab2-820e-414b-8597-80ae57a9a6a0"
    }, 
    "intentDetectionConfidence": 0.43080148, 
    "languageCode": "en", 
    "outputContexts": [
      {
        "name": "projects/dobby-49c2a/agent/sessions/ABwppHEqHnYbML4BfGrA6GssA0R4c_30orna6TyMha-d1RM0_Q11lfXfooIjM53XO3Hh-hsgMONXIUk/contexts/actions_capability_media_response_audio"
      }, 
      {
        "name": "projects/dobby-49c2a/agent/sessions/ABwppHEqHnYbML4BfGrA6GssA0R4c_30orna6TyMha-d1RM0_Q11lfXfooIjM53XO3Hh-hsgMONXIUk/contexts/actions_capability_account_linking"
      }, 
      {
        "name": "projects/dobby-49c2a/agent/sessions/ABwppHEqHnYbML4BfGrA6GssA0R4c_30orna6TyMha-d1RM0_Q11lfXfooIjM53XO3Hh-hsgMONXIUk/contexts/actions_capability_audio_output"
      }, 
      {
        "name": "projects/dobby-49c2a/agent/sessions/ABwppHEqHnYbML4BfGrA6GssA0R4c_30orna6TyMha-d1RM0_Q11lfXfooIjM53XO3Hh-hsgMONXIUk/contexts/google_assistant_input_type_voice"
      }
    ], 
    "parameters": {}, 
    "queryText": "Solar watch"
  }, 
  "responseId": "ef6f6c6e-b4b0-49eb-84ea-38c99fb28a85-f6406966", 
  "session": "projects/dobby-49c2a/agent/sessions/ABwppHEqHnYbML4BfGrA6GssA0R4c_30orna6TyMha-d1RM0_Q11lfXfooIjM53XO3Hh-hsgMONXIUk"
}
2019-10-15 11:28:19:flask_assistant:INFO: Request: {
  "Incoming Contexts": [], 
  "Intent": "Solar Watts", 
  "Missing Params": [], 
  "Received Params": {}, 
  "Source": "google"
}
2019-10-15 11:28:19:flask_assistant:INFO: Matched action function: Solar_Watts
2019-10-15 11:28:19:flask_assistant:INFO: Result: {
  "Intent": "Solar Watts", 
  "Matched Action": "Solar_Watts", 
  "Outgoing Contexts": [], 
  "Response Speech": "We are on fire, we are getting 51.12 watt's from the solar pannels!"
}
2019-10-15 11:28:19:flask_assistant:DEBUG: {
  "followupEventInput": null, 
  "fulfillmentMessages": [
    {
      "text": {
        "text": [
          "We are on fire, we are getting 51.12 watt's from the solar pannels!"
        ]
      }
    }
  ], 
  "fulfillmentText": "We are on fire, we are getting 51.12 watt's from the solar pannels!", 
  "outputContexts": [], 
  "payload": {
    "google": {
      "expect_user_response": false, 
      "is_ssml": true, 
      "permissions_request": null
    }
  }, 
  "source": "webhook"
}
127.0.0.1 - - [15/Oct/2019 11:28:19] "POST / HTTP/1.1" 200 -
 * Detected change in '/media/ssd/Dobby/bin/Dobby_Assistant.py', reloading
SELECT Value FROM DobbyLog.EP_Logger where Device="Main Charge Controller" and Name="PV Watt" order by id desc limit 1;
 * Restarting with stat
 * Debugger is active!
 * Debugger PIN: 215-886-129
2019-10-15 11:31:44:flask_assistant:DEBUG: {
  "originalDetectIntentRequest": {
    "payload": {
      "availableSurfaces": [
        {
          "capabilities": [
            {
              "name": "actions.capability.WEB_BROWSER"
            }, 
            {
              "name": "actions.capability.AUDIO_OUTPUT"
            }, 
            {
              "name": "actions.capability.SCREEN_OUTPUT"
            }
          ]
        }
      ], 
      "conversation": {
        "conversationId": "ABwppHEn6EwKMrUKFjiYq39-IQu8JgnUH_Y3N6Yl1mYKhzWRP7Dwmgf0xebn3yvwdJ2fNFO5y-OfqtU", 
        "conversationToken": "[]", 
        "type": "ACTIVE"
      }, 
      "inputs": [
        {
          "arguments": [
            {
              "name": "text", 
              "rawText": "Solar watch", 
              "textValue": "Solar watch"
            }
          ], 
          "intent": "actions.intent.TEXT", 
          "rawInputs": [
            {
              "inputType": "VOICE", 
              "query": "Solar watch"
            }
          ]
        }
      ], 
      "isInSandbox": true, 
      "surface": {
        "capabilities": [
          {
            "name": "actions.capability.ACCOUNT_LINKING"
          }, 
          {
            "name": "actions.capability.AUDIO_OUTPUT"
          }, 
          {
            "name": "actions.capability.MEDIA_RESPONSE_AUDIO"
          }
        ]
      }, 
      "user": {
        "lastSeen": "2019-10-15T10:31:27Z", 
        "locale": "en-GB", 
        "userVerificationStatus": "VERIFIED"
      }
    }, 
    "source": "google", 
    "version": "2"
  }, 
  "queryResult": {
    "allRequiredParamsPresent": true, 
    "fulfillmentMessages": [
      {
        "text": {
          "text": [
            ""
          ]
        }
      }
    ], 
    "intent": {
      "displayName": "Solar Watts", 
      "name": "projects/dobby-49c2a/agent/intents/96c42ab2-820e-414b-8597-80ae57a9a6a0"
    }, 
    "intentDetectionConfidence": 0.43080148, 
    "languageCode": "en", 
    "outputContexts": [
      {
        "name": "projects/dobby-49c2a/agent/sessions/ABwppHEn6EwKMrUKFjiYq39-IQu8JgnUH_Y3N6Yl1mYKhzWRP7Dwmgf0xebn3yvwdJ2fNFO5y-OfqtU/contexts/actions_capability_account_linking"
      }, 
      {
        "name": "projects/dobby-49c2a/agent/sessions/ABwppHEn6EwKMrUKFjiYq39-IQu8JgnUH_Y3N6Yl1mYKhzWRP7Dwmgf0xebn3yvwdJ2fNFO5y-OfqtU/contexts/actions_capability_audio_output"
      }, 
      {
        "name": "projects/dobby-49c2a/agent/sessions/ABwppHEn6EwKMrUKFjiYq39-IQu8JgnUH_Y3N6Yl1mYKhzWRP7Dwmgf0xebn3yvwdJ2fNFO5y-OfqtU/contexts/actions_capability_media_response_audio"
      }, 
      {
        "name": "projects/dobby-49c2a/agent/sessions/ABwppHEn6EwKMrUKFjiYq39-IQu8JgnUH_Y3N6Yl1mYKhzWRP7Dwmgf0xebn3yvwdJ2fNFO5y-OfqtU/contexts/google_assistant_input_type_voice"
      }
    ], 
    "parameters": {}, 
    "queryText": "Solar watch"
  }, 
  "responseId": "737f85e4-70fe-488f-8a9d-f526845ec8c0-f6406966", 
  "session": "projects/dobby-49c2a/agent/sessions/ABwppHEn6EwKMrUKFjiYq39-IQu8JgnUH_Y3N6Yl1mYKhzWRP7Dwmgf0xebn3yvwdJ2fNFO5y-OfqtU"
}
2019-10-15 11:31:44:flask_assistant:INFO: Request: {
  "Incoming Contexts": [], 
  "Intent": "Solar Watts", 
  "Missing Params": [], 
  "Received Params": {}, 
  "Source": "google"
}
2019-10-15 11:31:44:flask_assistant:INFO: Matched action function: Solar_Watts
127.0.0.1 - - [15/Oct/2019 11:31:44] "POST / HTTP/1.1" 500 -
Traceback (most recent call last):
  File "/usr/local/lib/python2.7/dist-packages/flask/app.py", line 2309, in __call__
    return self.wsgi_app(environ, start_response)
  File "/usr/local/lib/python2.7/dist-packages/flask/app.py", line 2295, in wsgi_app
    response = self.handle_exception(e)
  File "/usr/local/lib/python2.7/dist-packages/flask/app.py", line 1741, in handle_exception
    reraise(exc_type, exc_value, tb)
  File "/usr/local/lib/python2.7/dist-packages/flask/app.py", line 2292, in wsgi_app
    response = self.full_dispatch_request()
  File "/usr/local/lib/python2.7/dist-packages/flask/app.py", line 1815, in full_dispatch_request
    rv = self.handle_user_exception(e)
  File "/usr/local/lib/python2.7/dist-packages/flask/app.py", line 1718, in handle_user_exception
    reraise(exc_type, exc_value, tb)
  File "/usr/local/lib/python2.7/dist-packages/flask/app.py", line 1813, in full_dispatch_request
    rv = self.dispatch_request()
  File "/usr/local/lib/python2.7/dist-packages/flask/app.py", line 1799, in dispatch_request
    return self.view_functions[rule.endpoint](**req.view_args)
  File "/usr/local/lib/python2.7/dist-packages/flask_assistant/core.py", line 451, in _flask_assitant_view_func
    result = self._map_intent_to_view_func(view_func)()
  File "/media/ssd/Dobby/bin/Dobby_Assistant.py", line 140, in Solar_Watts
    Reading = int(Get_SQL_Value(Get_Assistant_Config_Values("Solar Watts")))
ValueError: invalid literal for int() with base 10: '51.12'
 * Serving Flask app "Dobby_Assistant" (lazy loading)
 * Environment: production
   WARNING: Do not use the development server in a production environment.
   Use a production WSGI server instead.
 * Debug mode: on
Traceback (most recent call last):
  File "./Dobby_Assistant.py", line 154, in <module>
    Dobby_Assitant_App.run(debug=True)
  File "/usr/local/lib/python2.7/dist-packages/flask/app.py", line 943, in run
    run_simple(host, port, self, **options)
  File "/usr/local/lib/python2.7/dist-packages/werkzeug/serving.py", line 795, in run_simple
    s.bind(get_sockaddr(hostname, port, address_family))
  File "/usr/lib/python2.7/socket.py", line 228, in meth
    return getattr(self._sock,name)(*args)
socket.error: [Errno 98] Address already in use
2019-10-15 11:32:26:flask_assistant:DEBUG: {
  "originalDetectIntentRequest": {
    "payload": {
      "availableSurfaces": [
        {
          "capabilities": [
            {
              "name": "actions.capability.AUDIO_OUTPUT"
            }, 
            {
              "name": "actions.capability.SCREEN_OUTPUT"
            }, 
            {
              "name": "actions.capability.WEB_BROWSER"
            }
          ]
        }
      ], 
      "conversation": {
        "conversationId": "ABwppHFCP8292QVaTVB1OreLO8iY3j41RxjP5XhK0wpJGk7bFxhICtKU7crCBKf63bIAXRPVyx95ec4", 
        "conversationToken": "[]", 
        "type": "ACTIVE"
      }, 
      "inputs": [
        {
          "arguments": [
            {
              "name": "text", 
              "rawText": "Solar watch", 
              "textValue": "Solar watch"
            }
          ], 
          "intent": "actions.intent.TEXT", 
          "rawInputs": [
            {
              "inputType": "VOICE", 
              "query": "Solar watch"
            }
          ]
        }
      ], 
      "isInSandbox": true, 
      "surface": {
        "capabilities": [
          {
            "name": "actions.capability.AUDIO_OUTPUT"
          }, 
          {
            "name": "actions.capability.MEDIA_RESPONSE_AUDIO"
          }, 
          {
            "name": "actions.capability.ACCOUNT_LINKING"
          }
        ]
      }, 
      "user": {
        "lastSeen": "2019-10-15T10:31:43Z", 
        "locale": "en-GB", 
        "userVerificationStatus": "VERIFIED"
      }
    }, 
    "source": "google", 
    "version": "2"
  }, 
  "queryResult": {
    "allRequiredParamsPresent": true, 
    "fulfillmentMessages": [
      {
        "text": {
          "text": [
            ""
          ]
        }
      }
    ], 
    "intent": {
      "displayName": "Solar Watts", 
      "name": "projects/dobby-49c2a/agent/intents/96c42ab2-820e-414b-8597-80ae57a9a6a0"
    }, 
    "intentDetectionConfidence": 0.31693918, 
    "languageCode": "en", 
    "outputContexts": [
      {
        "name": "projects/dobby-49c2a/agent/sessions/ABwppHFCP8292QVaTVB1OreLO8iY3j41RxjP5XhK0wpJGk7bFxhICtKU7crCBKf63bIAXRPVyx95ec4/contexts/actions_capability_audio_output"
      }, 
      {
        "name": "projects/dobby-49c2a/agent/sessions/ABwppHFCP8292QVaTVB1OreLO8iY3j41RxjP5XhK0wpJGk7bFxhICtKU7crCBKf63bIAXRPVyx95ec4/contexts/actions_capability_media_response_audio"
      }, 
      {
        "name": "projects/dobby-49c2a/agent/sessions/ABwppHFCP8292QVaTVB1OreLO8iY3j41RxjP5XhK0wpJGk7bFxhICtKU7crCBKf63bIAXRPVyx95ec4/contexts/actions_capability_account_linking"
      }, 
      {
        "name": "projects/dobby-49c2a/agent/sessions/ABwppHFCP8292QVaTVB1OreLO8iY3j41RxjP5XhK0wpJGk7bFxhICtKU7crCBKf63bIAXRPVyx95ec4/contexts/google_assistant_input_type_voice"
      }
    ], 
    "parameters": {}, 
    "queryText": "Solar watch"
  }, 
  "responseId": "bb92bcec-314a-4eeb-bf55-09f2d7434d5f-f6406966", 
  "session": "projects/dobby-49c2a/agent/sessions/ABwppHFCP8292QVaTVB1OreLO8iY3j41RxjP5XhK0wpJGk7bFxhICtKU7crCBKf63bIAXRPVyx95ec4"
}
2019-10-15 11:32:26:flask_assistant:INFO: Request: {
  "Incoming Contexts": [], 
  "Intent": "Solar Watts", 
  "Missing Params": [], 
  "Received Params": {}, 
  "Source": "google"
}
2019-10-15 11:32:26:flask_assistant:INFO: Matched action function: Solar_Watts
127.0.0.1 - - [15/Oct/2019 11:32:26] "POST / HTTP/1.1" 500 -
Traceback (most recent call last):
  File "/usr/local/lib/python2.7/dist-packages/flask/app.py", line 2309, in __call__
    return self.wsgi_app(environ, start_response)
  File "/usr/local/lib/python2.7/dist-packages/flask/app.py", line 2295, in wsgi_app
    response = self.handle_exception(e)
  File "/usr/local/lib/python2.7/dist-packages/flask/app.py", line 1741, in handle_exception
    reraise(exc_type, exc_value, tb)
  File "/usr/local/lib/python2.7/dist-packages/flask/app.py", line 2292, in wsgi_app
    response = self.full_dispatch_request()
  File "/usr/local/lib/python2.7/dist-packages/flask/app.py", line 1815, in full_dispatch_request
    rv = self.handle_user_exception(e)
  File "/usr/local/lib/python2.7/dist-packages/flask/app.py", line 1718, in handle_user_exception
    reraise(exc_type, exc_value, tb)
  File "/usr/local/lib/python2.7/dist-packages/flask/app.py", line 1813, in full_dispatch_request
    rv = self.dispatch_request()
  File "/usr/local/lib/python2.7/dist-packages/flask/app.py", line 1799, in dispatch_request
    return self.view_functions[rule.endpoint](**req.view_args)
  File "/usr/local/lib/python2.7/dist-packages/flask_assistant/core.py", line 451, in _flask_assitant_view_func
    result = self._map_intent_to_view_func(view_func)()
  File "/media/ssd/Dobby/bin/Dobby_Assistant.py", line 140, in Solar_Watts
    Reading = int(Get_SQL_Value(Get_Assistant_Config_Values("Solar Watts")))
ValueError: invalid literal for int() with base 10: '51.12'
SELECT Value FROM DobbyLog.EP_Logger where Device="Main Charge Controller" and Name="PV Watt" order by id desc limit 1;
SELECT Value FROM DobbyLog.EP_Logger where Device="Main Charge Controller" and Name="PV Watt" order by id desc limit 1;
 * Serving Flask app "Dobby_Assistant" (lazy loading)
 * Environment: production
   WARNING: Do not use the development server in a production environment.
   Use a production WSGI server instead.
 * Debug mode: on
 * Running on http://127.0.0.1:5000/ (Press CTRL+C to quit)
 * Restarting with stat
 * Debugger is active!
 * Debugger PIN: 215-886-129
2019-10-15 11:36:02:flask_assistant:DEBUG: {
  "originalDetectIntentRequest": {
    "payload": {
      "availableSurfaces": [
        {
          "capabilities": [
            {
              "name": "actions.capability.WEB_BROWSER"
            }, 
            {
              "name": "actions.capability.AUDIO_OUTPUT"
            }, 
            {
              "name": "actions.capability.SCREEN_OUTPUT"
            }
          ]
        }
      ], 
      "conversation": {
        "conversationId": "ABwppHEAJbkYym5jeAu8AaMSuENKlogVrip4QEtCKKV1VOcaT8lProU2a_w-v407bCayMg_DO_0kk44", 
        "conversationToken": "[]", 
        "type": "ACTIVE"
      }, 
      "inputs": [
        {
          "arguments": [
            {
              "name": "text", 
              "rawText": "Solar watch", 
              "textValue": "Solar watch"
            }
          ], 
          "intent": "actions.intent.TEXT", 
          "rawInputs": [
            {
              "inputType": "VOICE", 
              "query": "Solar watch"
            }
          ]
        }
      ], 
      "isInSandbox": true, 
      "surface": {
        "capabilities": [
          {
            "name": "actions.capability.ACCOUNT_LINKING"
          }, 
          {
            "name": "actions.capability.AUDIO_OUTPUT"
          }, 
          {
            "name": "actions.capability.MEDIA_RESPONSE_AUDIO"
          }
        ]
      }, 
      "user": {
        "lastSeen": "2019-10-15T10:35:26Z", 
        "locale": "en-GB", 
        "userVerificationStatus": "VERIFIED"
      }
    }, 
    "source": "google", 
    "version": "2"
  }, 
  "queryResult": {
    "allRequiredParamsPresent": true, 
    "fulfillmentMessages": [
      {
        "text": {
          "text": [
            ""
          ]
        }
      }
    ], 
    "intent": {
      "displayName": "Solar Watts", 
      "name": "projects/dobby-49c2a/agent/intents/96c42ab2-820e-414b-8597-80ae57a9a6a0"
    }, 
    "intentDetectionConfidence": 0.43080148, 
    "languageCode": "en", 
    "outputContexts": [
      {
        "name": "projects/dobby-49c2a/agent/sessions/ABwppHEAJbkYym5jeAu8AaMSuENKlogVrip4QEtCKKV1VOcaT8lProU2a_w-v407bCayMg_DO_0kk44/contexts/actions_capability_account_linking"
      }, 
      {
        "name": "projects/dobby-49c2a/agent/sessions/ABwppHEAJbkYym5jeAu8AaMSuENKlogVrip4QEtCKKV1VOcaT8lProU2a_w-v407bCayMg_DO_0kk44/contexts/actions_capability_audio_output"
      }, 
      {
        "name": "projects/dobby-49c2a/agent/sessions/ABwppHEAJbkYym5jeAu8AaMSuENKlogVrip4QEtCKKV1VOcaT8lProU2a_w-v407bCayMg_DO_0kk44/contexts/actions_capability_media_response_audio"
      }, 
      {
        "name": "projects/dobby-49c2a/agent/sessions/ABwppHEAJbkYym5jeAu8AaMSuENKlogVrip4QEtCKKV1VOcaT8lProU2a_w-v407bCayMg_DO_0kk44/contexts/google_assistant_input_type_voice"
      }
    ], 
    "parameters": {}, 
    "queryText": "Solar watch"
  }, 
  "responseId": "c2e78776-8a85-4ff8-a53a-6cfa87b10fd8-f6406966", 
  "session": "projects/dobby-49c2a/agent/sessions/ABwppHEAJbkYym5jeAu8AaMSuENKlogVrip4QEtCKKV1VOcaT8lProU2a_w-v407bCayMg_DO_0kk44"
}
2019-10-15 11:36:02:flask_assistant:INFO: Request: {
  "Incoming Contexts": [], 
  "Intent": "Solar Watts", 
  "Missing Params": [], 
  "Received Params": {}, 
  "Source": "google"
}
2019-10-15 11:36:02:flask_assistant:INFO: Matched action function: Solar_Watts
2019-10-15 11:36:02:flask_assistant:INFO: Result: {
  "Intent": "Solar Watts", 
  "Matched Action": "Solar_Watts", 
  "Outgoing Contexts": [], 
  "Response Speech": "Currently we are getting 51.12 watt's from the solar pannels"
}
2019-10-15 11:36:02:flask_assistant:DEBUG: {
  "followupEventInput": null, 
  "fulfillmentMessages": [
    {
      "text": {
        "text": [
          "Currently we are getting 51.12 watt's from the solar pannels"
        ]
      }
    }
  ], 
  "fulfillmentText": "Currently we are getting 51.12 watt's from the solar pannels", 
  "outputContexts": [], 
  "payload": {
    "google": {
      "expect_user_response": false, 
      "is_ssml": true, 
      "permissions_request": null
    }
  }, 
  "source": "webhook"
}
127.0.0.1 - - [15/Oct/2019 11:36:02] "POST / HTTP/1.1" 200 -
2019-10-15 11:36:22:flask_assistant:DEBUG: {
  "originalDetectIntentRequest": {
    "payload": {
      "availableSurfaces": [
        {
          "capabilities": [
            {
              "name": "actions.capability.AUDIO_OUTPUT"
            }, 
            {
              "name": "actions.capability.SCREEN_OUTPUT"
            }, 
            {
              "name": "actions.capability.WEB_BROWSER"
            }
          ]
        }
      ], 
      "conversation": {
        "conversationId": "ABwppHHp9cPjIKzuOO93wAXZJsvJadFYn9b8tHuT6nakekr12KTU4Jurlp0YeMARLBdRARrtTLsdxyw", 
        "conversationToken": "[]", 
        "type": "ACTIVE"
      }, 
      "inputs": [
        {
          "arguments": [
            {
              "name": "text", 
              "rawText": "battery voltage", 
              "textValue": "battery voltage"
            }
          ], 
          "intent": "actions.intent.TEXT", 
          "rawInputs": [
            {
              "inputType": "VOICE", 
              "query": "battery voltage"
            }
          ]
        }
      ], 
      "isInSandbox": true, 
      "surface": {
        "capabilities": [
          {
            "name": "actions.capability.AUDIO_OUTPUT"
          }, 
          {
            "name": "actions.capability.MEDIA_RESPONSE_AUDIO"
          }, 
          {
            "name": "actions.capability.ACCOUNT_LINKING"
          }
        ]
      }, 
      "user": {
        "lastSeen": "2019-10-15T10:36:01Z", 
        "locale": "en-GB", 
        "userVerificationStatus": "VERIFIED"
      }
    }, 
    "source": "google", 
    "version": "2"
  }, 
  "queryResult": {
    "allRequiredParamsPresent": true, 
    "fulfillmentMessages": [
      {
        "text": {
          "text": [
            ""
          ]
        }
      }
    ], 
    "intent": {
      "displayName": "Battery Voltage", 
      "name": "projects/dobby-49c2a/agent/intents/acf43477-a50e-4c29-b7b4-5a39d7ee9450"
    }, 
    "intentDetectionConfidence": 1.0, 
    "languageCode": "en", 
    "outputContexts": [
      {
        "name": "projects/dobby-49c2a/agent/sessions/ABwppHHp9cPjIKzuOO93wAXZJsvJadFYn9b8tHuT6nakekr12KTU4Jurlp0YeMARLBdRARrtTLsdxyw/contexts/actions_capability_audio_output"
      }, 
      {
        "name": "projects/dobby-49c2a/agent/sessions/ABwppHHp9cPjIKzuOO93wAXZJsvJadFYn9b8tHuT6nakekr12KTU4Jurlp0YeMARLBdRARrtTLsdxyw/contexts/actions_capability_media_response_audio"
      }, 
      {
        "name": "projects/dobby-49c2a/agent/sessions/ABwppHHp9cPjIKzuOO93wAXZJsvJadFYn9b8tHuT6nakekr12KTU4Jurlp0YeMARLBdRARrtTLsdxyw/contexts/actions_capability_account_linking"
      }, 
      {
        "name": "projects/dobby-49c2a/agent/sessions/ABwppHHp9cPjIKzuOO93wAXZJsvJadFYn9b8tHuT6nakekr12KTU4Jurlp0YeMARLBdRARrtTLsdxyw/contexts/google_assistant_input_type_voice"
      }
    ], 
    "parameters": {}, 
    "queryText": "battery voltage"
  }, 
  "responseId": "b12ee9fa-d8fe-45af-8edf-7d4ebae08497-f6406966", 
  "session": "projects/dobby-49c2a/agent/sessions/ABwppHHp9cPjIKzuOO93wAXZJsvJadFYn9b8tHuT6nakekr12KTU4Jurlp0YeMARLBdRARrtTLsdxyw"
}
2019-10-15 11:36:22:flask_assistant:INFO: Request: {
  "Incoming Contexts": [], 
  "Intent": "Battery Voltage", 
  "Missing Params": [], 
  "Received Params": {}, 
  "Source": "google"
}
2019-10-15 11:36:22:flask_assistant:INFO: Matched action function: Battery_Voltage
2019-10-15 11:36:22:flask_assistant:INFO: Result: {
  "Intent": "Battery Voltage", 
  "Matched Action": "Battery_Voltage", 
  "Outgoing Contexts": [], 
  "Response Speech": "The batteries is currently reading 13.27 volts"
}
2019-10-15 11:36:22:flask_assistant:DEBUG: {
  "followupEventInput": null, 
  "fulfillmentMessages": [
    {
      "text": {
        "text": [
          "The batteries is currently reading 13.27 volts"
        ]
      }
    }
  ], 
  "fulfillmentText": "The batteries is currently reading 13.27 volts", 
  "outputContexts": [], 
  "payload": {
    "google": {
      "expect_user_response": false, 
      "is_ssml": true, 
      "permissions_request": null
    }
  }, 
  "source": "webhook"
}
127.0.0.1 - - [15/Oct/2019 11:36:22] "POST / HTTP/1.1" 200 -
SELECT Value FROM DobbyLog.EP_Logger where Device="Main Charge Controller" and Name="PV Watt" order by id desc limit 1;
SELECT Value FROM DobbyLog.EP_Logger where Device="Main Charge Controller" and Name="Battery Volt" order by id desc limit 1;
